<?xml version="1.0" encoding="UTF-8"?>
<!-- Generated by org.testng.reporters.JUnitXMLReporter -->
<testsuite ignored="0" hostname="LAPTOP-2A7KCU0G" failures="0" tests="4" name="Default test" time="67.265" errors="0" timestamp="2024-03-21T23:59:16 IST">
  <testcase classname="rahulshettyacademy.Testngframeworkdesing.submitpage" name="OrderHistroy" time="1.444"/>
  <testcase classname="rahulshettyacademy.Testngframeworkdesing.submitpage" name="OrderHistroy" time="1.224"/>
  <testcase classname="rahulshettyacademy.Testngframeworkdesing.submitpage" name="SubmitOrder" time="15.408"/>
  <testcase classname="rahulshettyacademy.Testngframeworkdesing.submitpage" name="SubmitOrder" time="15.19"/>
</testsuite> <!-- Default test -->
