<?xml version="1.0" encoding="UTF-8"?>
<!-- Generated by org.testng.reporters.JUnitXMLReporter -->
<testsuite ignored="0" hostname="LAPTOP-2A7KCU0G" failures="0" tests="2" name="Error Validation Test " time="25.106" errors="0" timestamp="2024-04-04T23:08:26 IST">
  <testcase classname="rahulshettyacademy.Testngframeworkdesing.ErrorValidation" name="Loginerror" time="14.148"/>
  <testcase classname="rahulshettyacademy.Testngframeworkdesing.ErrorValidation" name="SubmitOrder" time="1.025"/>
</testsuite> <!-- Error Validation Test  -->
