<?xml version="1.0" encoding="UTF-8"?>
<!-- Generated by org.testng.reporters.JUnitXMLReporter -->
<testsuite ignored="0" hostname="LAPTOP-2A7KCU0G" failures="2" tests="2" name="Submit order Test " time="0.084" errors="0" timestamp="2024-04-04T23:08:01 IST">
  <testcase classname="rahulshettyacademy.Testngframeworkdesing.submitpage" name="OrderHistroy" time="0.0">
    <failure type="java.lang.RuntimeException" message="java.lang.NullPointerException">
      <![CDATA[java.lang.RuntimeException: java.lang.NullPointerException
at java.base/java.util.ArrayList.forEach(ArrayList.java:1596)
at java.base/java.util.concurrent.FutureTask.run(FutureTask.java:317)
at java.base/java.util.concurrent.ThreadPoolExecutor.runWorker(ThreadPoolExecutor.java:1144)
at java.base/java.util.concurrent.ThreadPoolExecutor$Worker.run(ThreadPoolExecutor.java:642)
at java.base/java.lang.Thread.run(Thread.java:1583)
Caused by: java.lang.NullPointerException
at java.base/java.io.File.<init>(File.java:278)
at rahulshettyacademy.TestComponents.BaseTest.getJsondatatoMap(BaseTest.java:56)
at rahulshettyacademy.Testngframeworkdesing.submitpage.getData(submitpage.java:73)
... 19 more
... Removed 20 stack frames]]>
    </failure>
  </testcase> <!-- OrderHistroy -->
  <testcase classname="rahulshettyacademy.Testngframeworkdesing.submitpage" name="SubmitOrder" time="0.0">
    <failure type="java.lang.RuntimeException" message="java.lang.NullPointerException">
      <![CDATA[java.lang.RuntimeException: java.lang.NullPointerException
at java.base/java.util.ArrayList.forEach(ArrayList.java:1596)
at java.base/java.util.concurrent.FutureTask.run(FutureTask.java:317)
at java.base/java.util.concurrent.ThreadPoolExecutor.runWorker(ThreadPoolExecutor.java:1144)
at java.base/java.util.concurrent.ThreadPoolExecutor$Worker.run(ThreadPoolExecutor.java:642)
at java.base/java.lang.Thread.run(Thread.java:1583)
Caused by: java.lang.NullPointerException
at java.base/java.io.File.<init>(File.java:278)
at rahulshettyacademy.TestComponents.BaseTest.getJsondatatoMap(BaseTest.java:56)
at rahulshettyacademy.Testngframeworkdesing.submitpage.getData(submitpage.java:73)
... 19 more
... Removed 20 stack frames]]>
    </failure>
  </testcase> <!-- SubmitOrder -->
</testsuite> <!-- Submit order Test  -->
